Detecting compiler hash for triplet x64-windows...
Compiler found: C:/Program Files/Microsoft Visual Studio/2022/Community/VC/Tools/MSVC/14.42.34433/bin/Hostx64/x64/cl.exe
The following packages will be built and installed:
    eigen3:x64-windows@5.0.1
    matplotlib-cpp:x64-windows@2020-08-27#2
  * vcpkg-cmake:x64-windows@2024-04-23
  * vcpkg-cmake-config:x64-windows@2024-05-23
Additional packages (*) will be modified to complete this operation.
Restored 4 package(s) from C:\Users\Asus\AppData\Local\vcpkg\archives in 1.3 s. Use --debug to see more details.
Installing 1/4 vcpkg-cmake-config:x64-windows@2024-05-23...
vcpkg-cmake-config:x64-windows@2024-05-23 package ABI: dd6fdebe6cd1fdbaf50c9b7b80e2393714f9f24d87914a47307efda3763c728d
Elapsed time to handle vcpkg-cmake-config:x64-windows: 61.7 ms
Installing 2/4 vcpkg-cmake:x64-windows@2024-04-23...
vcpkg-cmake:x64-windows@2024-04-23 package ABI: 40e342b837824747c34814c964447e0fb9f600936f0228d89fd6415ab580231a
Elapsed time to handle vcpkg-cmake:x64-windows: 89.6 ms
Installing 3/4 eigen3:x64-windows@5.0.1...
eigen3:x64-windows@5.0.1 package ABI: 51c940a2953489216520e2ac1242d5665d28aa39c926fafebf346850a0c4184d
Elapsed time to handle eigen3:x64-windows: 350 ms
Installing 4/4 matplotlib-cpp:x64-windows@2020-08-27#2...
matplotlib-cpp:x64-windows@2020-08-27#2 package ABI: f34c704cb9f89a09fc0024da3ea4bd84c8bf33298b4c14238aa1d66256177245
Elapsed time to handle matplotlib-cpp:x64-windows: 44.2 ms
Installed contents are licensed to you by owners. Microsoft is not responsible for, nor does it grant any licenses to, third-party packages.
Some packages did not declare an SPDX license. Check the `copyright` file for each package for more information about their licensing.
Packages installed in this vcpkg installation declare the following licenses:
MIT
MPL-2.0
eigen3 provides CMake targets:

  # this is heuristically generated, and may not be correct
  find_package(Eigen3 CONFIG REQUIRED)
  target_link_libraries(main PRIVATE Eigen3::Eigen)

eigen3 provides pkg-config modules:

  # A C++ template library for linear algebra: vectors, matrices, and related algorithms
  eigen3

matplotlib-cpp is header-only and can be used from CMake via:

  find_path(MATPLOTLIB_CPP_INCLUDE_DIRS "matplotlibcpp.h")
  target_include_directories(main PRIVATE ${MATPLOTLIB_CPP_INCLUDE_DIRS})

All requested installations completed successfully in: 550 ms
